<?xml version="1.0" encoding="UTF-8"?>
<!-- Generated by org.testng.reporters.JUnitReportReporter -->
<testsuite hostname="USER-PC" name="com.testcases.Home_Test" tests="1" failures="0" timestamp="3 Nov 2020 07:58:45 GMT" time="20.426" errors="0">
  <testcase name="verify_homepage_title" time="20.426" classname="com.testcases.Home_Test"/>
</testsuite> <!-- com.testcases.Home_Test -->
