<?xml version="1.0" encoding="UTF-8"?>
<!-- Generated by org.testng.reporters.JUnitReportReporter -->
<testsuite hostname="USER-PC" name="com.testcases.Login_Page$Login_Test" tests="3" failures="0" timestamp="2 Nov 2020 13:16:44 GMT" time="61.826" errors="0">
  <testcase name="forgotpassword_button_displayed" time="23.249" classname="com.testcases.Login_Page$Login_Test"/>
  <testcase name="login_pagetitle" time="16.640" classname="com.testcases.Login_Page$Login_Test"/>
  <testcase name="login" time="21.937" classname="com.testcases.Login_Page$Login_Test"/>
</testsuite> <!-- com.testcases.Login_Page$Login_Test -->
