<?xml version="1.0" encoding="UTF-8"?>
<!-- Generated by org.testng.reporters.JUnitReportReporter -->
<testsuite hostname="USER-PC" name="com.testcases.Login_Test" tests="3" failures="0" timestamp="3 Nov 2020 07:43:24 GMT" time="83.183" errors="0">
  <testcase name="forgotpassword_button_displayed" time="30.491" classname="com.testcases.Login_Test"/>
  <testcase name="login_pagetitle" time="15.651" classname="com.testcases.Login_Test"/>
  <testcase name="login" time="37.041" classname="com.testcases.Login_Test"/>
</testsuite> <!-- com.testcases.Login_Test -->
