<?xml version="1.0" encoding="UTF-8"?>
<!-- Generated by org.testng.reporters.JUnitReportReporter -->
<testsuite hostname="USER-PC" name="com.testcases.Contacts_Test" tests="1" failures="0" timestamp="4 Nov 2020 07:30:25 GMT" time="23.193" errors="0">
  <testcase name="verify_Category" time="23.193" classname="com.testcases.Contacts_Test"/>
</testsuite> <!-- com.testcases.Contacts_Test -->
