<?xml version="1.0" encoding="UTF-8"?>
<!-- Generated by org.testng.reporters.JUnitReportReporter -->
<testsuite hostname="USER-PC" name="com.testcases.Login_Page$Login_Test" tests="3" failures="0" timestamp="3 Nov 2020 06:50:11 GMT" time="36.417" errors="0">
  <testcase name="forgotpassword_button_displayed" time="12.828" classname="com.testcases.Login_Page$Login_Test"/>
  <testcase name="login_pagetitle" time="11.051" classname="com.testcases.Login_Page$Login_Test"/>
  <testcase name="login" time="12.538" classname="com.testcases.Login_Page$Login_Test"/>
</testsuite> <!-- com.testcases.Login_Page$Login_Test -->
