<?xml version="1.0" encoding="UTF-8"?>
<!-- Generated by org.testng.reporters.JUnitReportReporter -->
<testsuite hostname="USER-PC" name="com.testcases.Home_Test" tests="4" failures="0" timestamp="4 Nov 2020 07:30:25 GMT" time="85.460" errors="0">
  <testcase name="click_deals" time="24.477" classname="com.testcases.Home_Test"/>
  <testcase name="click_contacts" time="20.558" classname="com.testcases.Home_Test"/>
  <testcase name="verify_username_text" time="22.839" classname="com.testcases.Home_Test"/>
  <testcase name="verify_homepage_title" time="17.586" classname="com.testcases.Home_Test"/>
</testsuite> <!-- com.testcases.Home_Test -->
