<?xml version="1.0" encoding="UTF-8"?>
<!-- Generated by org.testng.reporters.JUnitReportReporter -->
<testsuite hostname="USER-PC" name="com.testcases.Login_Test" tests="3" failures="0" timestamp="4 Nov 2020 07:30:25 GMT" time="76.877" errors="0">
  <testcase name="login" time="25.263" classname="com.testcases.Login_Test"/>
  <testcase name="login_pagetitle" time="30.007" classname="com.testcases.Login_Test"/>
  <testcase name="forgotpassword_button_displayed" time="21.607" classname="com.testcases.Login_Test"/>
</testsuite> <!-- com.testcases.Login_Test -->
