<?xml version="1.0" encoding="UTF-8"?>
<!-- Generated by org.testng.reporters.JUnitReportReporter -->
<testsuite hostname="USER-PC" name="com.testcases.Contacts_Test" tests="1" failures="0" timestamp="5 Nov 2020 08:11:15 GMT" time="58.635" errors="0">
  <testcase name="click_new_button_select_dropdown" time="58.635" classname="com.testcases.Contacts_Test"/>
</testsuite> <!-- com.testcases.Contacts_Test -->
