<?xml version="1.0" encoding="UTF-8"?>
<!-- Generated by org.testng.reporters.JUnitReportReporter -->
<testsuite hostname="USER-PC" name="com.testcases.Deals_Test" tests="1" failures="0" timestamp="4 Nov 2020 07:30:25 GMT" time="25.522" errors="0">
  <testcase name="click_new_button" time="25.522" classname="com.testcases.Deals_Test"/>
</testsuite> <!-- com.testcases.Deals_Test -->
